{"/Users/wallacewong/Documents/Project/shopper/RN/temp2/api/cartItem.ts": {"path":"/Users/wallacewong/Documents/Project/shopper/RN/temp2/api/cartItem.ts","statementMap":{"0":{"start":{"line":13,"column":16},"end":{"line":13,"column":23}},"1":{"start":{"line":14,"column":13},"end":{"line":14,"column":17}},"2":{"start":{"line":16,"column":22},"end":{"line":31,"column":1}},"3":{"start":{"line":17,"column":18},"end":{"line":26,"column":3}},"4":{"start":{"line":27,"column":24},"end":{"line":29,"column":4}},"5":{"start":{"line":28,"column":4},"end":{"line":28,"column":20}},"6":{"start":{"line":30,"column":2},"end":{"line":30,"column":13}},"7":{"start":{"line":33,"column":22},"end":{"line":46,"column":1}},"8":{"start":{"line":34,"column":18},"end":{"line":40,"column":3}},"9":{"start":{"line":42,"column":20},"end":{"line":44,"column":4}},"10":{"start":{"line":43,"column":4},"end":{"line":43,"column":20}},"11":{"start":{"line":45,"column":2},"end":{"line":45,"column":13}},"12":{"start":{"line":48,"column":30},"end":{"line":67,"column":1}},"13":{"start":{"line":53,"column":18},"end":{"line":63,"column":3}},"14":{"start":{"line":64,"column":2},"end":{"line":66,"column":5}},"15":{"start":{"line":65,"column":4},"end":{"line":65,"column":48}},"16":{"start":{"line":69,"column":26},"end":{"line":82,"column":1}},"17":{"start":{"line":70,"column":18},"end":{"line":80,"column":3}},"18":{"start":{"line":81,"column":2},"end":{"line":81,"column":30}},"19":{"start":{"line":84,"column":30},"end":{"line":106,"column":1}},"20":{"start":{"line":89,"column":18},"end":{"line":100,"column":3}},"21":{"start":{"line":101,"column":20},"end":{"line":103,"column":4}},"22":{"start":{"line":102,"column":4},"end":{"line":102,"column":20}},"23":{"start":{"line":105,"column":2},"end":{"line":105,"column":13}},"24":{"start":{"line":108,"column":31},"end":{"line":130,"column":1}},"25":{"start":{"line":113,"column":18},"end":{"line":124,"column":3}},"26":{"start":{"line":126,"column":25},"end":{"line":128,"column":4}},"27":{"start":{"line":127,"column":4},"end":{"line":127,"column":20}},"28":{"start":{"line":129,"column":2},"end":{"line":129,"column":13}},"29":{"start":{"line":132,"column":23},"end":{"line":144,"column":1}},"30":{"start":{"line":133,"column":18},"end":{"line":142,"column":3}},"31":{"start":{"line":143,"column":2},"end":{"line":143,"column":30}},"32":{"start":{"line":146,"column":23},"end":{"line":155,"column":1}},"33":{"start":{"line":147,"column":18},"end":{"line":153,"column":3}},"34":{"start":{"line":154,"column":2},"end":{"line":154,"column":30}},"35":{"start":{"line":157,"column":37},"end":{"line":172,"column":1}},"36":{"start":{"line":158,"column":18},"end":{"line":167,"column":3}},"37":{"start":{"line":168,"column":31},"end":{"line":170,"column":4}},"38":{"start":{"line":169,"column":4},"end":{"line":169,"column":20}},"39":{"start":{"line":171,"column":2},"end":{"line":171,"column":13}},"40":{"start":{"line":174,"column":28},"end":{"line":206,"column":1}},"41":{"start":{"line":183,"column":18},"end":{"line":198,"column":3}},"42":{"start":{"line":199,"column":2},"end":{"line":205,"column":7}},"43":{"start":{"line":201,"column":6},"end":{"line":201,"column":22}},"44":{"start":{"line":204,"column":6},"end":{"line":204,"column":50}}},"fnMap":{"0":{"name":"(anonymous_0)","decl":{"start":{"line":16,"column":22},"end":{"line":16,"column":23}},"loc":{"start":{"line":16,"column":47},"end":{"line":31,"column":1}},"line":16},"1":{"name":"(anonymous_1)","decl":{"start":{"line":27,"column":50},"end":{"line":27,"column":51}},"loc":{"start":{"line":27,"column":59},"end":{"line":29,"column":3}},"line":27},"2":{"name":"(anonymous_2)","decl":{"start":{"line":33,"column":22},"end":{"line":33,"column":23}},"loc":{"start":{"line":33,"column":47},"end":{"line":46,"column":1}},"line":33},"3":{"name":"(anonymous_3)","decl":{"start":{"line":42,"column":46},"end":{"line":42,"column":47}},"loc":{"start":{"line":42,"column":55},"end":{"line":44,"column":3}},"line":42},"4":{"name":"(anonymous_4)","decl":{"start":{"line":48,"column":30},"end":{"line":48,"column":31}},"loc":{"start":{"line":52,"column":5},"end":{"line":67,"column":1}},"line":52},"5":{"name":"(anonymous_5)","decl":{"start":{"line":64,"column":36},"end":{"line":64,"column":37}},"loc":{"start":{"line":64,"column":43},"end":{"line":66,"column":3}},"line":64},"6":{"name":"(anonymous_6)","decl":{"start":{"line":69,"column":26},"end":{"line":69,"column":27}},"loc":{"start":{"line":69,"column":91},"end":{"line":82,"column":1}},"line":69},"7":{"name":"(anonymous_7)","decl":{"start":{"line":84,"column":30},"end":{"line":84,"column":31}},"loc":{"start":{"line":88,"column":5},"end":{"line":106,"column":1}},"line":88},"8":{"name":"(anonymous_8)","decl":{"start":{"line":101,"column":46},"end":{"line":101,"column":47}},"loc":{"start":{"line":101,"column":55},"end":{"line":103,"column":3}},"line":101},"9":{"name":"(anonymous_9)","decl":{"start":{"line":108,"column":31},"end":{"line":108,"column":32}},"loc":{"start":{"line":112,"column":5},"end":{"line":130,"column":1}},"line":112},"10":{"name":"(anonymous_10)","decl":{"start":{"line":126,"column":51},"end":{"line":126,"column":52}},"loc":{"start":{"line":126,"column":60},"end":{"line":128,"column":3}},"line":126},"11":{"name":"(anonymous_11)","decl":{"start":{"line":132,"column":23},"end":{"line":132,"column":24}},"loc":{"start":{"line":132,"column":88},"end":{"line":144,"column":1}},"line":132},"12":{"name":"(anonymous_12)","decl":{"start":{"line":146,"column":23},"end":{"line":146,"column":24}},"loc":{"start":{"line":146,"column":60},"end":{"line":155,"column":1}},"line":146},"13":{"name":"(anonymous_13)","decl":{"start":{"line":157,"column":37},"end":{"line":157,"column":38}},"loc":{"start":{"line":157,"column":92},"end":{"line":172,"column":1}},"line":157},"14":{"name":"(anonymous_14)","decl":{"start":{"line":168,"column":57},"end":{"line":168,"column":58}},"loc":{"start":{"line":168,"column":66},"end":{"line":170,"column":3}},"line":168},"15":{"name":"(anonymous_15)","decl":{"start":{"line":174,"column":28},"end":{"line":174,"column":29}},"loc":{"start":{"line":182,"column":5},"end":{"line":206,"column":1}},"line":182},"16":{"name":"(anonymous_16)","decl":{"start":{"line":200,"column":10},"end":{"line":200,"column":11}},"loc":{"start":{"line":200,"column":19},"end":{"line":202,"column":5}},"line":200},"17":{"name":"(anonymous_17)","decl":{"start":{"line":203,"column":11},"end":{"line":203,"column":12}},"loc":{"start":{"line":203,"column":18},"end":{"line":205,"column":5}},"line":203}},"branchMap":{},"s":{"0":0,"1":0,"2":1,"3":1,"4":1,"5":1,"6":1,"7":1,"8":0,"9":0,"10":0,"11":0,"12":1,"13":0,"14":0,"15":0,"16":1,"17":1,"18":1,"19":1,"20":0,"21":0,"22":0,"23":0,"24":1,"25":0,"26":0,"27":0,"28":0,"29":1,"30":0,"31":0,"32":1,"33":0,"34":0,"35":1,"36":0,"37":0,"38":0,"39":0,"40":1,"41":0,"42":0,"43":0,"44":0},"f":{"0":1,"1":1,"2":0,"3":0,"4":0,"5":0,"6":1,"7":0,"8":0,"9":0,"10":0,"11":0,"12":0,"13":0,"14":0,"15":0,"16":0,"17":0},"b":{},"_coverageSchema":"1a1c01bbd47fc00a2c39e90264f33305004495a9","hash":"69691f6d14045aafff64a6bc5f8d9c664ee35a3a"}
,"/Users/wallacewong/Documents/Project/shopper/RN/temp2/api/order.ts": {"path":"/Users/wallacewong/Documents/Project/shopper/RN/temp2/api/order.ts","statementMap":{"0":{"start":{"line":4,"column":16},"end":{"line":4,"column":23}},"1":{"start":{"line":5,"column":13},"end":{"line":5,"column":17}},"2":{"start":{"line":7,"column":19},"end":{"line":24,"column":1}},"3":{"start":{"line":8,"column":18},"end":{"line":19,"column":3}},"4":{"start":{"line":20,"column":21},"end":{"line":22,"column":4}},"5":{"start":{"line":21,"column":4},"end":{"line":21,"column":27}},"6":{"start":{"line":23,"column":2},"end":{"line":23,"column":13}},"7":{"start":{"line":26,"column":17},"end":{"line":38,"column":1}},"8":{"start":{"line":27,"column":18},"end":{"line":33,"column":3}},"9":{"start":{"line":34,"column":19},"end":{"line":36,"column":4}},"10":{"start":{"line":35,"column":4},"end":{"line":35,"column":20}},"11":{"start":{"line":37,"column":2},"end":{"line":37,"column":13}}},"fnMap":{"0":{"name":"(anonymous_0)","decl":{"start":{"line":7,"column":19},"end":{"line":7,"column":20}},"loc":{"start":{"line":7,"column":58},"end":{"line":24,"column":1}},"line":7},"1":{"name":"(anonymous_1)","decl":{"start":{"line":20,"column":47},"end":{"line":20,"column":48}},"loc":{"start":{"line":20,"column":56},"end":{"line":22,"column":3}},"line":20},"2":{"name":"(anonymous_2)","decl":{"start":{"line":26,"column":17},"end":{"line":26,"column":18}},"loc":{"start":{"line":26,"column":54},"end":{"line":38,"column":1}},"line":26},"3":{"name":"(anonymous_3)","decl":{"start":{"line":34,"column":45},"end":{"line":34,"column":46}},"loc":{"start":{"line":34,"column":54},"end":{"line":36,"column":3}},"line":34}},"branchMap":{},"s":{"0":0,"1":0,"2":1,"3":1,"4":1,"5":1,"6":1,"7":1,"8":0,"9":0,"10":0,"11":0},"f":{"0":1,"1":1,"2":0,"3":0},"b":{},"_coverageSchema":"1a1c01bbd47fc00a2c39e90264f33305004495a9","hash":"693a676f3c4f70e7a3afac03b0f050f298b66ada"}
,"/Users/wallacewong/Documents/Project/shopper/RN/temp2/api/product.ts": {"path":"/Users/wallacewong/Documents/Project/shopper/RN/temp2/api/product.ts","statementMap":{"0":{"start":{"line":17,"column":16},"end":{"line":17,"column":23}},"1":{"start":{"line":18,"column":13},"end":{"line":18,"column":17}},"2":{"start":{"line":20,"column":23},"end":{"line":37,"column":1}},"3":{"start":{"line":21,"column":18},"end":{"line":28,"column":3}},"4":{"start":{"line":29,"column":24},"end":{"line":35,"column":6}},"5":{"start":{"line":31,"column":6},"end":{"line":31,"column":22}},"6":{"start":{"line":34,"column":6},"end":{"line":34,"column":14}},"7":{"start":{"line":36,"column":2},"end":{"line":36,"column":13}},"8":{"start":{"line":39,"column":21},"end":{"line":73,"column":1}},"9":{"start":{"line":48,"column":18},"end":{"line":63,"column":3}},"10":{"start":{"line":64,"column":23},"end":{"line":70,"column":6}},"11":{"start":{"line":66,"column":6},"end":{"line":66,"column":31}},"12":{"start":{"line":69,"column":6},"end":{"line":69,"column":14}},"13":{"start":{"line":72,"column":2},"end":{"line":72,"column":13}},"14":{"start":{"line":74,"column":19},"end":{"line":84,"column":1}},"15":{"start":{"line":75,"column":18},"end":{"line":78,"column":3}},"16":{"start":{"line":80,"column":21},"end":{"line":82,"column":4}},"17":{"start":{"line":81,"column":4},"end":{"line":81,"column":20}},"18":{"start":{"line":83,"column":2},"end":{"line":83,"column":13}},"19":{"start":{"line":86,"column":20},"end":{"line":100,"column":1}},"20":{"start":{"line":87,"column":18},"end":{"line":94,"column":3}},"21":{"start":{"line":96,"column":22},"end":{"line":98,"column":4}},"22":{"start":{"line":97,"column":4},"end":{"line":97,"column":20}},"23":{"start":{"line":99,"column":2},"end":{"line":99,"column":13}},"24":{"start":{"line":102,"column":30},"end":{"line":123,"column":1}},"25":{"start":{"line":108,"column":18},"end":{"line":118,"column":3}},"26":{"start":{"line":119,"column":32},"end":{"line":121,"column":4}},"27":{"start":{"line":120,"column":4},"end":{"line":120,"column":20}},"28":{"start":{"line":122,"column":2},"end":{"line":122,"column":13}},"29":{"start":{"line":125,"column":29},"end":{"line":148,"column":1}},"30":{"start":{"line":132,"column":18},"end":{"line":143,"column":3}},"31":{"start":{"line":144,"column":12},"end":{"line":146,"column":4}},"32":{"start":{"line":145,"column":4},"end":{"line":145,"column":20}},"33":{"start":{"line":147,"column":2},"end":{"line":147,"column":13}},"34":{"start":{"line":150,"column":38},"end":{"line":173,"column":1}},"35":{"start":{"line":156,"column":18},"end":{"line":166,"column":3}},"36":{"start":{"line":167,"column":66},"end":{"line":171,"column":3}},"37":{"start":{"line":169,"column":6},"end":{"line":169,"column":22}},"38":{"start":{"line":172,"column":2},"end":{"line":172,"column":13}},"39":{"start":{"line":175,"column":24},"end":{"line":190,"column":1}},"40":{"start":{"line":176,"column":18},"end":{"line":185,"column":3}},"41":{"start":{"line":186,"column":12},"end":{"line":188,"column":4}},"42":{"start":{"line":187,"column":4},"end":{"line":187,"column":20}},"43":{"start":{"line":189,"column":2},"end":{"line":189,"column":13}},"44":{"start":{"line":192,"column":31},"end":{"line":204,"column":1}},"45":{"start":{"line":193,"column":18},"end":{"line":199,"column":3}},"46":{"start":{"line":200,"column":21},"end":{"line":202,"column":4}},"47":{"start":{"line":201,"column":4},"end":{"line":201,"column":20}},"48":{"start":{"line":203,"column":2},"end":{"line":203,"column":13}},"49":{"start":{"line":206,"column":27},"end":{"line":241,"column":1}},"50":{"start":{"line":217,"column":18},"end":{"line":233,"column":3}},"51":{"start":{"line":234,"column":2},"end":{"line":240,"column":7}},"52":{"start":{"line":236,"column":6},"end":{"line":236,"column":22}},"53":{"start":{"line":239,"column":6},"end":{"line":239,"column":50}},"54":{"start":{"line":243,"column":36},"end":{"line":266,"column":1}},"55":{"start":{"line":248,"column":18},"end":{"line":257,"column":3}},"56":{"start":{"line":258,"column":26},"end":{"line":264,"column":6}},"57":{"start":{"line":260,"column":6},"end":{"line":260,"column":22}},"58":{"start":{"line":263,"column":6},"end":{"line":263,"column":50}},"59":{"start":{"line":265,"column":2},"end":{"line":265,"column":13}},"60":{"start":{"line":268,"column":29},"end":{"line":285,"column":1}},"61":{"start":{"line":269,"column":18},"end":{"line":276,"column":3}},"62":{"start":{"line":277,"column":14},"end":{"line":283,"column":6}},"63":{"start":{"line":279,"column":6},"end":{"line":279,"column":22}},"64":{"start":{"line":282,"column":6},"end":{"line":282,"column":50}},"65":{"start":{"line":284,"column":2},"end":{"line":284,"column":13}},"66":{"start":{"line":287,"column":28},"end":{"line":300,"column":1}},"67":{"start":{"line":288,"column":18},"end":{"line":295,"column":3}},"68":{"start":{"line":296,"column":30},"end":{"line":298,"column":4}},"69":{"start":{"line":297,"column":4},"end":{"line":297,"column":36}},"70":{"start":{"line":299,"column":2},"end":{"line":299,"column":13}}},"fnMap":{"0":{"name":"(anonymous_0)","decl":{"start":{"line":20,"column":23},"end":{"line":20,"column":24}},"loc":{"start":{"line":20,"column":35},"end":{"line":37,"column":1}},"line":20},"1":{"name":"(anonymous_1)","decl":{"start":{"line":30,"column":10},"end":{"line":30,"column":11}},"loc":{"start":{"line":30,"column":19},"end":{"line":32,"column":5}},"line":30},"2":{"name":"(anonymous_2)","decl":{"start":{"line":33,"column":11},"end":{"line":33,"column":12}},"loc":{"start":{"line":33,"column":18},"end":{"line":35,"column":5}},"line":33},"3":{"name":"(anonymous_3)","decl":{"start":{"line":39,"column":21},"end":{"line":39,"column":22}},"loc":{"start":{"line":47,"column":5},"end":{"line":73,"column":1}},"line":47},"4":{"name":"(anonymous_4)","decl":{"start":{"line":65,"column":10},"end":{"line":65,"column":11}},"loc":{"start":{"line":65,"column":19},"end":{"line":67,"column":5}},"line":65},"5":{"name":"(anonymous_5)","decl":{"start":{"line":68,"column":11},"end":{"line":68,"column":12}},"loc":{"start":{"line":68,"column":18},"end":{"line":70,"column":5}},"line":68},"6":{"name":"(anonymous_6)","decl":{"start":{"line":74,"column":19},"end":{"line":74,"column":20}},"loc":{"start":{"line":74,"column":41},"end":{"line":84,"column":1}},"line":74},"7":{"name":"(anonymous_7)","decl":{"start":{"line":80,"column":47},"end":{"line":80,"column":48}},"loc":{"start":{"line":80,"column":56},"end":{"line":82,"column":3}},"line":80},"8":{"name":"(anonymous_8)","decl":{"start":{"line":86,"column":20},"end":{"line":86,"column":21}},"loc":{"start":{"line":86,"column":42},"end":{"line":100,"column":1}},"line":86},"9":{"name":"(anonymous_9)","decl":{"start":{"line":96,"column":48},"end":{"line":96,"column":49}},"loc":{"start":{"line":96,"column":57},"end":{"line":98,"column":3}},"line":96},"10":{"name":"(anonymous_10)","decl":{"start":{"line":102,"column":30},"end":{"line":102,"column":31}},"loc":{"start":{"line":107,"column":5},"end":{"line":123,"column":1}},"line":107},"11":{"name":"(anonymous_11)","decl":{"start":{"line":119,"column":58},"end":{"line":119,"column":59}},"loc":{"start":{"line":119,"column":67},"end":{"line":121,"column":3}},"line":119},"12":{"name":"(anonymous_12)","decl":{"start":{"line":125,"column":29},"end":{"line":125,"column":30}},"loc":{"start":{"line":131,"column":5},"end":{"line":148,"column":1}},"line":131},"13":{"name":"(anonymous_13)","decl":{"start":{"line":144,"column":32},"end":{"line":144,"column":33}},"loc":{"start":{"line":144,"column":41},"end":{"line":146,"column":3}},"line":144},"14":{"name":"(anonymous_14)","decl":{"start":{"line":150,"column":38},"end":{"line":150,"column":39}},"loc":{"start":{"line":155,"column":5},"end":{"line":173,"column":1}},"line":155},"15":{"name":"(anonymous_15)","decl":{"start":{"line":168,"column":4},"end":{"line":168,"column":5}},"loc":{"start":{"line":168,"column":13},"end":{"line":170,"column":5}},"line":168},"16":{"name":"(anonymous_16)","decl":{"start":{"line":175,"column":24},"end":{"line":175,"column":25}},"loc":{"start":{"line":175,"column":88},"end":{"line":190,"column":1}},"line":175},"17":{"name":"(anonymous_17)","decl":{"start":{"line":186,"column":38},"end":{"line":186,"column":39}},"loc":{"start":{"line":186,"column":47},"end":{"line":188,"column":3}},"line":186},"18":{"name":"(anonymous_18)","decl":{"start":{"line":192,"column":31},"end":{"line":192,"column":32}},"loc":{"start":{"line":192,"column":75},"end":{"line":204,"column":1}},"line":192},"19":{"name":"(anonymous_19)","decl":{"start":{"line":200,"column":47},"end":{"line":200,"column":48}},"loc":{"start":{"line":200,"column":56},"end":{"line":202,"column":3}},"line":200},"20":{"name":"(anonymous_20)","decl":{"start":{"line":206,"column":27},"end":{"line":206,"column":28}},"loc":{"start":{"line":216,"column":5},"end":{"line":241,"column":1}},"line":216},"21":{"name":"(anonymous_21)","decl":{"start":{"line":235,"column":10},"end":{"line":235,"column":11}},"loc":{"start":{"line":235,"column":19},"end":{"line":237,"column":5}},"line":235},"22":{"name":"(anonymous_22)","decl":{"start":{"line":238,"column":11},"end":{"line":238,"column":12}},"loc":{"start":{"line":238,"column":18},"end":{"line":240,"column":5}},"line":238},"23":{"name":"(anonymous_23)","decl":{"start":{"line":243,"column":36},"end":{"line":243,"column":37}},"loc":{"start":{"line":247,"column":5},"end":{"line":266,"column":1}},"line":247},"24":{"name":"(anonymous_24)","decl":{"start":{"line":259,"column":10},"end":{"line":259,"column":11}},"loc":{"start":{"line":259,"column":19},"end":{"line":261,"column":5}},"line":259},"25":{"name":"(anonymous_25)","decl":{"start":{"line":262,"column":11},"end":{"line":262,"column":12}},"loc":{"start":{"line":262,"column":18},"end":{"line":264,"column":5}},"line":262},"26":{"name":"(anonymous_26)","decl":{"start":{"line":268,"column":29},"end":{"line":268,"column":30}},"loc":{"start":{"line":268,"column":86},"end":{"line":285,"column":1}},"line":268},"27":{"name":"(anonymous_27)","decl":{"start":{"line":278,"column":10},"end":{"line":278,"column":11}},"loc":{"start":{"line":278,"column":19},"end":{"line":280,"column":5}},"line":278},"28":{"name":"(anonymous_28)","decl":{"start":{"line":281,"column":11},"end":{"line":281,"column":12}},"loc":{"start":{"line":281,"column":18},"end":{"line":283,"column":5}},"line":281},"29":{"name":"(anonymous_29)","decl":{"start":{"line":287,"column":28},"end":{"line":287,"column":29}},"loc":{"start":{"line":287,"column":64},"end":{"line":300,"column":1}},"line":287},"30":{"name":"(anonymous_30)","decl":{"start":{"line":296,"column":56},"end":{"line":296,"column":57}},"loc":{"start":{"line":296,"column":65},"end":{"line":298,"column":3}},"line":296}},"branchMap":{},"s":{"0":0,"1":0,"2":1,"3":0,"4":0,"5":0,"6":0,"7":0,"8":1,"9":1,"10":1,"11":1,"12":0,"13":1,"14":1,"15":1,"16":1,"17":1,"18":1,"19":1,"20":1,"21":1,"22":1,"23":1,"24":1,"25":0,"26":0,"27":0,"28":0,"29":1,"30":0,"31":0,"32":0,"33":0,"34":1,"35":0,"36":0,"37":0,"38":0,"39":1,"40":0,"41":0,"42":0,"43":0,"44":1,"45":0,"46":0,"47":0,"48":0,"49":1,"50":0,"51":0,"52":0,"53":0,"54":1,"55":0,"56":0,"57":0,"58":0,"59":0,"60":1,"61":0,"62":0,"63":0,"64":0,"65":0,"66":1,"67":0,"68":0,"69":0,"70":0},"f":{"0":0,"1":0,"2":0,"3":1,"4":1,"5":0,"6":1,"7":1,"8":1,"9":1,"10":0,"11":0,"12":0,"13":0,"14":0,"15":0,"16":0,"17":0,"18":0,"19":0,"20":0,"21":0,"22":0,"23":0,"24":0,"25":0,"26":0,"27":0,"28":0,"29":0,"30":0},"b":{},"_coverageSchema":"1a1c01bbd47fc00a2c39e90264f33305004495a9","hash":"d8dd84b2a7ba1185423cb73597c4d166747adcdc"}
,"/Users/wallacewong/Documents/Project/shopper/RN/temp2/components/ActionSheet.tsx": {"path":"/Users/wallacewong/Documents/Project/shopper/RN/temp2/components/ActionSheet.tsx","statementMap":{"0":{"start":{"line":4,"column":20},"end":{"line":46,"column":1}},"1":{"start":{"line":21,"column":2},"end":{"line":45,"column":4}}},"fnMap":{"0":{"name":"(anonymous_0)","decl":{"start":{"line":4,"column":20},"end":{"line":4,"column":21}},"loc":{"start":{"line":20,"column":6},"end":{"line":46,"column":1}},"line":20}},"branchMap":{"0":{"loc":{"start":{"line":5,"column":2},"end":{"line":5,"column":19}},"type":"default-arg","locations":[{"start":{"line":5,"column":7},"end":{"line":5,"column":19}}],"line":5},"1":{"loc":{"start":{"line":6,"column":2},"end":{"line":6,"column":21}},"type":"default-arg","locations":[{"start":{"line":6,"column":16},"end":{"line":6,"column":21}}],"line":6},"2":{"loc":{"start":{"line":9,"column":2},"end":{"line":9,"column":19}},"type":"default-arg","locations":[{"start":{"line":9,"column":15},"end":{"line":9,"column":19}}],"line":9},"3":{"loc":{"start":{"line":41,"column":22},"end":{"line":41,"column":60}},"type":"cond-expr","locations":[{"start":{"line":41,"column":49},"end":{"line":41,"column":53}},{"start":{"line":41,"column":56},"end":{"line":41,"column":60}}],"line":41}},"s":{"0":1,"1":2},"f":{"0":2},"b":{"0":[1],"1":[0],"2":[1],"3":[0,2]},"_coverageSchema":"1a1c01bbd47fc00a2c39e90264f33305004495a9","hash":"b50712dc142c3e5c225a7dd54e6353c2eedfc3c7"}
,"/Users/wallacewong/Documents/Project/shopper/RN/temp2/components/AddressForm.tsx": {"path":"/Users/wallacewong/Documents/Project/shopper/RN/temp2/components/AddressForm.tsx","statementMap":{"0":{"start":{"line":5,"column":20},"end":{"line":41,"column":1}},"1":{"start":{"line":12,"column":16},"end":{"line":12,"column":27}},"2":{"start":{"line":13,"column":2},"end":{"line":40,"column":4}},"3":{"start":{"line":21,"column":33},"end":{"line":21,"column":56}},"4":{"start":{"line":29,"column":33},"end":{"line":29,"column":58}},"5":{"start":{"line":37,"column":33},"end":{"line":37,"column":60}}},"fnMap":{"0":{"name":"(anonymous_0)","decl":{"start":{"line":5,"column":20},"end":{"line":5,"column":21}},"loc":{"start":{"line":11,"column":6},"end":{"line":41,"column":1}},"line":11},"1":{"name":"(anonymous_1)","decl":{"start":{"line":21,"column":22},"end":{"line":21,"column":23}},"loc":{"start":{"line":21,"column":33},"end":{"line":21,"column":56}},"line":21},"2":{"name":"(anonymous_2)","decl":{"start":{"line":29,"column":22},"end":{"line":29,"column":23}},"loc":{"start":{"line":29,"column":33},"end":{"line":29,"column":58}},"line":29},"3":{"name":"(anonymous_3)","decl":{"start":{"line":37,"column":22},"end":{"line":37,"column":23}},"loc":{"start":{"line":37,"column":33},"end":{"line":37,"column":60}},"line":37}},"branchMap":{},"s":{"0":1,"1":2,"2":2,"3":0,"4":0,"5":0},"f":{"0":2,"1":0,"2":0,"3":0},"b":{},"_coverageSchema":"1a1c01bbd47fc00a2c39e90264f33305004495a9","hash":"1d9c9facd30f5bbce9b51b76020677654e6772f1"}
,"/Users/wallacewong/Documents/Project/shopper/RN/temp2/components/BannerCarousel.tsx": {"path":"/Users/wallacewong/Documents/Project/shopper/RN/temp2/components/BannerCarousel.tsx","statementMap":{"0":{"start":{"line":13,"column":18},"end":{"line":13,"column":42}},"1":{"start":{"line":15,"column":16},"end":{"line":33,"column":1}},"2":{"start":{"line":16,"column":2},"end":{"line":32,"column":3}},"3":{"start":{"line":18,"column":6},"end":{"line":18,"column":33}},"4":{"start":{"line":20,"column":6},"end":{"line":29,"column":8}},"5":{"start":{"line":31,"column":6},"end":{"line":31,"column":19}},"6":{"start":{"line":35,"column":13},"end":{"line":72,"column":1}},"7":{"start":{"line":42,"column":20},"end":{"line":52,"column":22}},"8":{"start":{"line":43,"column":28},"end":{"line":47,"column":5}},"9":{"start":{"line":49,"column":4},"end":{"line":51,"column":6}},"10":{"start":{"line":54,"column":2},"end":{"line":71,"column":4}},"11":{"start":{"line":73,"column":23},"end":{"line":118,"column":1}},"12":{"start":{"line":74,"column":38},"end":{"line":74,"column":49}},"13":{"start":{"line":76,"column":25},"end":{"line":86,"column":8}},"14":{"start":{"line":79,"column":19},"end":{"line":79,"column":79}},"15":{"start":{"line":80,"column":23},"end":{"line":80,"column":68}},"16":{"start":{"line":82,"column":4},"end":{"line":85,"column":6}},"17":{"start":{"line":88,"column":2},"end":{"line":117,"column":4}},"18":{"start":{"line":100,"column":10},"end":{"line":100,"column":73}},"19":{"start":{"line":102,"column":33},"end":{"line":102,"column":53}},"20":{"start":{"line":106,"column":10},"end":{"line":113,"column":12}}},"fnMap":{"0":{"name":"(anonymous_0)","decl":{"start":{"line":15,"column":16},"end":{"line":15,"column":17}},"loc":{"start":{"line":15,"column":77},"end":{"line":33,"column":1}},"line":15},"1":{"name":"(anonymous_1)","decl":{"start":{"line":35,"column":13},"end":{"line":35,"column":14}},"loc":{"start":{"line":41,"column":6},"end":{"line":72,"column":1}},"line":41},"2":{"name":"(anonymous_2)","decl":{"start":{"line":42,"column":37},"end":{"line":42,"column":38}},"loc":{"start":{"line":42,"column":43},"end":{"line":52,"column":3}},"line":42},"3":{"name":"(anonymous_3)","decl":{"start":{"line":73,"column":23},"end":{"line":73,"column":24}},"loc":{"start":{"line":73,"column":97},"end":{"line":118,"column":1}},"line":73},"4":{"name":"(anonymous_4)","decl":{"start":{"line":76,"column":37},"end":{"line":76,"column":38}},"loc":{"start":{"line":76,"column":56},"end":{"line":86,"column":3}},"line":76},"5":{"name":"(anonymous_5)","decl":{"start":{"line":99,"column":20},"end":{"line":99,"column":21}},"loc":{"start":{"line":99,"column":50},"end":{"line":101,"column":9}},"line":99},"6":{"name":"(anonymous_6)","decl":{"start":{"line":102,"column":22},"end":{"line":102,"column":23}},"loc":{"start":{"line":102,"column":33},"end":{"line":102,"column":53}},"line":102},"7":{"name":"(anonymous_7)","decl":{"start":{"line":105,"column":21},"end":{"line":105,"column":22}},"loc":{"start":{"line":105,"column":35},"end":{"line":114,"column":9}},"line":105}},"branchMap":{"0":{"loc":{"start":{"line":16,"column":2},"end":{"line":32,"column":3}},"type":"switch","locations":[{"start":{"line":17,"column":4},"end":{"line":18,"column":33}},{"start":{"line":19,"column":4},"end":{"line":29,"column":8}},{"start":{"line":30,"column":4},"end":{"line":31,"column":19}}],"line":16},"1":{"loc":{"start":{"line":94,"column":18},"end":{"line":94,"column":51}},"type":"cond-expr","locations":[{"start":{"line":94,"column":39},"end":{"line":94,"column":43}},{"start":{"line":94,"column":46},"end":{"line":94,"column":51}}],"line":94}},"s":{"0":1,"1":1,"2":0,"3":0,"4":0,"5":0,"6":1,"7":0,"8":0,"9":0,"10":0,"11":1,"12":2,"13":2,"14":0,"15":0,"16":0,"17":2,"18":0,"19":0,"20":2},"f":{"0":0,"1":0,"2":0,"3":2,"4":0,"5":0,"6":0,"7":2},"b":{"0":[0,0,0],"1":[1,1]},"_coverageSchema":"1a1c01bbd47fc00a2c39e90264f33305004495a9","hash":"d9ab30e247a705a4bc74819864432172af39c133"}
,"/Users/wallacewong/Documents/Project/shopper/RN/temp2/components/ContactForm.tsx": {"path":"/Users/wallacewong/Documents/Project/shopper/RN/temp2/components/ContactForm.tsx","statementMap":{"0":{"start":{"line":7,"column":20},"end":{"line":103,"column":1}},"1":{"start":{"line":34,"column":16},"end":{"line":34,"column":27}},"2":{"start":{"line":35,"column":2},"end":{"line":102,"column":4}}},"fnMap":{"0":{"name":"(anonymous_0)","decl":{"start":{"line":7,"column":20},"end":{"line":7,"column":21}},"loc":{"start":{"line":33,"column":6},"end":{"line":103,"column":1}},"line":33}},"branchMap":{"0":{"loc":{"start":{"line":47,"column":9},"end":{"line":54,"column":16}},"type":"cond-expr","locations":[{"start":{"line":48,"column":10},"end":{"line":53,"column":19}},{"start":{"line":54,"column":12},"end":{"line":54,"column":16}}],"line":47},"1":{"loc":{"start":{"line":63,"column":20},"end":{"line":63,"column":42}},"type":"binary-expr","locations":[{"start":{"line":63,"column":20},"end":{"line":63,"column":28}},{"start":{"line":63,"column":32},"end":{"line":63,"column":42}}],"line":63},"2":{"loc":{"start":{"line":66,"column":9},"end":{"line":74,"column":9}},"type":"cond-expr","locations":[{"start":{"line":66,"column":22},"end":{"line":66,"column":26}},{"start":{"line":67,"column":10},"end":{"line":73,"column":25}}],"line":66},"3":{"loc":{"start":{"line":68,"column":22},"end":{"line":68,"column":76}},"type":"cond-expr","locations":[{"start":{"line":68,"column":64},"end":{"line":68,"column":68}},{"start":{"line":68,"column":71},"end":{"line":68,"column":76}}],"line":68},"4":{"loc":{"start":{"line":68,"column":22},"end":{"line":68,"column":61}},"type":"binary-expr","locations":[{"start":{"line":68,"column":22},"end":{"line":68,"column":46}},{"start":{"line":68,"column":50},"end":{"line":68,"column":61}}],"line":68},"5":{"loc":{"start":{"line":72,"column":13},"end":{"line":72,"column":78}},"type":"cond-expr","locations":[{"start":{"line":72,"column":27},"end":{"line":72,"column":57}},{"start":{"line":72,"column":60},"end":{"line":72,"column":78}}],"line":72},"6":{"loc":{"start":{"line":77,"column":7},"end":{"line":100,"column":7}},"type":"cond-expr","locations":[{"start":{"line":77,"column":20},"end":{"line":77,"column":24}},{"start":{"line":78,"column":8},"end":{"line":99,"column":11}}],"line":77},"7":{"loc":{"start":{"line":86,"column":24},"end":{"line":86,"column":46}},"type":"binary-expr","locations":[{"start":{"line":86,"column":24},"end":{"line":86,"column":32}},{"start":{"line":86,"column":36},"end":{"line":86,"column":46}}],"line":86},"8":{"loc":{"start":{"line":89,"column":13},"end":{"line":97,"column":13}},"type":"cond-expr","locations":[{"start":{"line":89,"column":26},"end":{"line":89,"column":30}},{"start":{"line":90,"column":14},"end":{"line":96,"column":29}}],"line":89},"9":{"loc":{"start":{"line":91,"column":26},"end":{"line":91,"column":70}},"type":"binary-expr","locations":[{"start":{"line":91,"column":26},"end":{"line":91,"column":44}},{"start":{"line":91,"column":48},"end":{"line":91,"column":70}}],"line":91}},"s":{"0":1,"1":4,"2":4},"f":{"0":4},"b":{"0":[1,3],"1":[4,4],"2":[1,3],"3":[3,0],"4":[3,0],"5":[1,2],"6":[1,3],"7":[3,3],"8":[0,3],"9":[3,0]},"_coverageSchema":"1a1c01bbd47fc00a2c39e90264f33305004495a9","hash":"7b6ff1834522535c9ee43add69544a2d42051e4e"}
,"/Users/wallacewong/Documents/Project/shopper/RN/temp2/components/CouponCard.tsx": {"path":"/Users/wallacewong/Documents/Project/shopper/RN/temp2/components/CouponCard.tsx","statementMap":{"0":{"start":{"line":6,"column":19},"end":{"line":52,"column":1}},"1":{"start":{"line":17,"column":16},"end":{"line":17,"column":27}},"2":{"start":{"line":19,"column":2},"end":{"line":51,"column":4}}},"fnMap":{"0":{"name":"(anonymous_0)","decl":{"start":{"line":6,"column":19},"end":{"line":6,"column":20}},"loc":{"start":{"line":16,"column":6},"end":{"line":52,"column":1}},"line":16}},"branchMap":{},"s":{"0":1,"1":3,"2":3},"f":{"0":3},"b":{},"_coverageSchema":"1a1c01bbd47fc00a2c39e90264f33305004495a9","hash":"9a261f7c077b611af64d7b7bbde14c09b2d1341d"}
,"/Users/wallacewong/Documents/Project/shopper/RN/temp2/components/Dialog.tsx": {"path":"/Users/wallacewong/Documents/Project/shopper/RN/temp2/components/Dialog.tsx","statementMap":{"0":{"start":{"line":4,"column":15},"end":{"line":39,"column":1}},"1":{"start":{"line":5,"column":2},"end":{"line":38,"column":4}}},"fnMap":{"0":{"name":"(anonymous_0)","decl":{"start":{"line":4,"column":15},"end":{"line":4,"column":16}},"loc":{"start":{"line":4,"column":91},"end":{"line":39,"column":1}},"line":4}},"branchMap":{"0":{"loc":{"start":{"line":4,"column":18},"end":{"line":4,"column":32}},"type":"default-arg","locations":[{"start":{"line":4,"column":27},"end":{"line":4,"column":32}}],"line":4}},"s":{"0":1,"1":2},"f":{"0":2},"b":{"0":[0]},"_coverageSchema":"1a1c01bbd47fc00a2c39e90264f33305004495a9","hash":"4c497ca309c77d10207d0bd23c2823f680e7ff58"}
,"/Users/wallacewong/Documents/Project/shopper/RN/temp2/components/ImageCard.tsx": {"path":"/Users/wallacewong/Documents/Project/shopper/RN/temp2/components/ImageCard.tsx","statementMap":{"0":{"start":{"line":4,"column":18},"end":{"line":29,"column":1}},"1":{"start":{"line":5,"column":2},"end":{"line":28,"column":4}},"2":{"start":{"line":7,"column":39},"end":{"line":7,"column":53}}},"fnMap":{"0":{"name":"(anonymous_0)","decl":{"start":{"line":4,"column":18},"end":{"line":4,"column":19}},"loc":{"start":{"line":4,"column":98},"end":{"line":29,"column":1}},"line":4},"1":{"name":"(anonymous_1)","decl":{"start":{"line":7,"column":33},"end":{"line":7,"column":34}},"loc":{"start":{"line":7,"column":39},"end":{"line":7,"column":53}},"line":7}},"branchMap":{},"s":{"0":1,"1":1,"2":0},"f":{"0":1,"1":0},"b":{},"_coverageSchema":"1a1c01bbd47fc00a2c39e90264f33305004495a9","hash":"514902d23bb53dfae6ea867fa12b856541e15895"}
,"/Users/wallacewong/Documents/Project/shopper/RN/temp2/components/ImageGallery.tsx": {"path":"/Users/wallacewong/Documents/Project/shopper/RN/temp2/components/ImageGallery.tsx","statementMap":{"0":{"start":{"line":6,"column":20},"end":{"line":27,"column":2}},"1":{"start":{"line":14,"column":29},"end":{"line":24,"column":7}},"2":{"start":{"line":29,"column":13},"end":{"line":32,"column":1}},"3":{"start":{"line":30,"column":20},"end":{"line":30,"column":29}},"4":{"start":{"line":31,"column":2},"end":{"line":31,"column":67}},"5":{"start":{"line":34,"column":21},"end":{"line":72,"column":1}},"6":{"start":{"line":35,"column":35},"end":{"line":35,"column":51}},"7":{"start":{"line":37,"column":21},"end":{"line":37,"column":49}},"8":{"start":{"line":38,"column":19},"end":{"line":40,"column":3}},"9":{"start":{"line":39,"column":4},"end":{"line":39,"column":35}},"10":{"start":{"line":42,"column":2},"end":{"line":71,"column":4}},"11":{"start":{"line":57,"column":23},"end":{"line":57,"column":35}},"12":{"start":{"line":67,"column":23},"end":{"line":67,"column":34}}},"fnMap":{"0":{"name":"(anonymous_0)","decl":{"start":{"line":14,"column":17},"end":{"line":14,"column":18}},"loc":{"start":{"line":14,"column":29},"end":{"line":24,"column":7}},"line":14},"1":{"name":"(anonymous_1)","decl":{"start":{"line":29,"column":13},"end":{"line":29,"column":14}},"loc":{"start":{"line":29,"column":54},"end":{"line":32,"column":1}},"line":29},"2":{"name":"(anonymous_2)","decl":{"start":{"line":34,"column":21},"end":{"line":34,"column":22}},"loc":{"start":{"line":34,"column":59},"end":{"line":72,"column":1}},"line":34},"3":{"name":"(anonymous_3)","decl":{"start":{"line":38,"column":19},"end":{"line":38,"column":20}},"loc":{"start":{"line":38,"column":38},"end":{"line":40,"column":3}},"line":38},"4":{"name":"(anonymous_4)","decl":{"start":{"line":57,"column":17},"end":{"line":57,"column":18}},"loc":{"start":{"line":57,"column":23},"end":{"line":57,"column":35}},"line":57},"5":{"name":"(anonymous_5)","decl":{"start":{"line":67,"column":17},"end":{"line":67,"column":18}},"loc":{"start":{"line":67,"column":23},"end":{"line":67,"column":34}},"line":67}},"branchMap":{"0":{"loc":{"start":{"line":16,"column":13},"end":{"line":16,"column":37}},"type":"cond-expr","locations":[{"start":{"line":16,"column":25},"end":{"line":16,"column":29}},{"start":{"line":16,"column":32},"end":{"line":16,"column":37}}],"line":16},"1":{"loc":{"start":{"line":21,"column":13},"end":{"line":21,"column":37}},"type":"cond-expr","locations":[{"start":{"line":21,"column":25},"end":{"line":21,"column":29}},{"start":{"line":21,"column":32},"end":{"line":21,"column":37}}],"line":21}},"s":{"0":1,"1":0,"2":1,"3":2,"4":2,"5":1,"6":2,"7":2,"8":2,"9":0,"10":2,"11":0,"12":0},"f":{"0":0,"1":2,"2":2,"3":0,"4":0,"5":0},"b":{"0":[0,0],"1":[0,0]},"_coverageSchema":"1a1c01bbd47fc00a2c39e90264f33305004495a9","hash":"e4eb626a0a0f6155fa2a843c9a931168c42d2b8a"}
,"/Users/wallacewong/Documents/Project/shopper/RN/temp2/components/Loader.tsx": {"path":"/Users/wallacewong/Documents/Project/shopper/RN/temp2/components/Loader.tsx","statementMap":{"0":{"start":{"line":4,"column":15},"end":{"line":16,"column":1}},"1":{"start":{"line":5,"column":16},"end":{"line":5,"column":27}},"2":{"start":{"line":7,"column":2},"end":{"line":15,"column":4}}},"fnMap":{"0":{"name":"(anonymous_0)","decl":{"start":{"line":4,"column":15},"end":{"line":4,"column":16}},"loc":{"start":{"line":4,"column":48},"end":{"line":16,"column":1}},"line":4}},"branchMap":{"0":{"loc":{"start":{"line":12,"column":22},"end":{"line":12,"column":48}},"type":"cond-expr","locations":[{"start":{"line":12,"column":29},"end":{"line":12,"column":33}},{"start":{"line":12,"column":36},"end":{"line":12,"column":48}}],"line":12}},"s":{"0":1,"1":2,"2":2},"f":{"0":2},"b":{"0":[1,1]},"_coverageSchema":"1a1c01bbd47fc00a2c39e90264f33305004495a9","hash":"8326a15becdc2c4f0acfe037b827a4bc910e1759"}
,"/Users/wallacewong/Documents/Project/shopper/RN/temp2/components/ProductCard.tsx": {"path":"/Users/wallacewong/Documents/Project/shopper/RN/temp2/components/ProductCard.tsx","statementMap":{"0":{"start":{"line":5,"column":20},"end":{"line":50,"column":1}},"1":{"start":{"line":18,"column":16},"end":{"line":18,"column":27}},"2":{"start":{"line":20,"column":2},"end":{"line":49,"column":4}}},"fnMap":{"0":{"name":"(anonymous_0)","decl":{"start":{"line":5,"column":20},"end":{"line":5,"column":21}},"loc":{"start":{"line":17,"column":6},"end":{"line":50,"column":1}},"line":17}},"branchMap":{},"s":{"0":1,"1":2,"2":2},"f":{"0":2},"b":{},"_coverageSchema":"1a1c01bbd47fc00a2c39e90264f33305004495a9","hash":"42fcc1b802498837408267a46707aa0839ce3183"}
,"/Users/wallacewong/Documents/Project/shopper/RN/temp2/components/ReservationCalendar.tsx": {"path":"/Users/wallacewong/Documents/Project/shopper/RN/temp2/components/ReservationCalendar.tsx","statementMap":{"0":{"start":{"line":8,"column":28},"end":{"line":111,"column":1}},"1":{"start":{"line":19,"column":33},"end":{"line":19,"column":35}},"2":{"start":{"line":20,"column":2},"end":{"line":25,"column":3}},"3":{"start":{"line":21,"column":17},"end":{"line":21,"column":62}},"4":{"start":{"line":22,"column":4},"end":{"line":24,"column":5}},"5":{"start":{"line":23,"column":6},"end":{"line":23,"column":31}},"6":{"start":{"line":26,"column":27},"end":{"line":26,"column":29}},"7":{"start":{"line":27,"column":2},"end":{"line":38,"column":3}},"8":{"start":{"line":28,"column":4},"end":{"line":37,"column":5}},"9":{"start":{"line":40,"column":2},"end":{"line":53,"column":3}},"10":{"start":{"line":41,"column":4},"end":{"line":52,"column":5}},"11":{"start":{"line":42,"column":6},"end":{"line":51,"column":7}},"12":{"start":{"line":55,"column":21},"end":{"line":61,"column":3}},"13":{"start":{"line":56,"column":4},"end":{"line":60,"column":5}},"14":{"start":{"line":57,"column":6},"end":{"line":57,"column":28}},"15":{"start":{"line":59,"column":6},"end":{"line":59,"column":24}},"16":{"start":{"line":64,"column":2},"end":{"line":110,"column":5}},"17":{"start":{"line":69,"column":29},"end":{"line":69,"column":55}},"18":{"start":{"line":71,"column":33},"end":{"line":71,"column":65}},"19":{"start":{"line":75,"column":34},"end":{"line":75,"column":52}},"20":{"start":{"line":80,"column":8},"end":{"line":82,"column":9}},"21":{"start":{"line":81,"column":10},"end":{"line":81,"column":49}},"22":{"start":{"line":83,"column":8},"end":{"line":85,"column":9}},"23":{"start":{"line":84,"column":10},"end":{"line":84,"column":50}},"24":{"start":{"line":99,"column":42},"end":{"line":99,"column":58}},"25":{"start":{"line":101,"column":37},"end":{"line":101,"column":47}}},"fnMap":{"0":{"name":"(anonymous_0)","decl":{"start":{"line":8,"column":28},"end":{"line":8,"column":29}},"loc":{"start":{"line":18,"column":6},"end":{"line":111,"column":1}},"line":18},"1":{"name":"(anonymous_1)","decl":{"start":{"line":55,"column":21},"end":{"line":55,"column":22}},"loc":{"start":{"line":55,"column":40},"end":{"line":61,"column":3}},"line":55},"2":{"name":"(anonymous_2)","decl":{"start":{"line":69,"column":18},"end":{"line":69,"column":19}},"loc":{"start":{"line":69,"column":27},"end":{"line":69,"column":57}},"line":69},"3":{"name":"(anonymous_3)","decl":{"start":{"line":71,"column":22},"end":{"line":71,"column":23}},"loc":{"start":{"line":71,"column":31},"end":{"line":71,"column":67}},"line":71},"4":{"name":"(anonymous_4)","decl":{"start":{"line":75,"column":21},"end":{"line":75,"column":22}},"loc":{"start":{"line":75,"column":32},"end":{"line":75,"column":54}},"line":75},"5":{"name":"(anonymous_5)","decl":{"start":{"line":79,"column":19},"end":{"line":79,"column":20}},"loc":{"start":{"line":79,"column":34},"end":{"line":86,"column":7}},"line":79},"6":{"name":"(anonymous_6)","decl":{"start":{"line":99,"column":24},"end":{"line":99,"column":25}},"loc":{"start":{"line":99,"column":42},"end":{"line":99,"column":58}},"line":99},"7":{"name":"(anonymous_7)","decl":{"start":{"line":101,"column":25},"end":{"line":101,"column":26}},"loc":{"start":{"line":101,"column":37},"end":{"line":101,"column":47}},"line":101}},"branchMap":{"0":{"loc":{"start":{"line":22,"column":4},"end":{"line":24,"column":5}},"type":"if","locations":[{"start":{"line":22,"column":4},"end":{"line":24,"column":5}},{"start":{},"end":{}}],"line":22},"1":{"loc":{"start":{"line":27,"column":2},"end":{"line":38,"column":3}},"type":"if","locations":[{"start":{"line":27,"column":2},"end":{"line":38,"column":3}},{"start":{},"end":{}}],"line":27},"2":{"loc":{"start":{"line":41,"column":4},"end":{"line":52,"column":5}},"type":"if","locations":[{"start":{"line":41,"column":4},"end":{"line":52,"column":5}},{"start":{},"end":{}}],"line":41},"3":{"loc":{"start":{"line":56,"column":4},"end":{"line":60,"column":5}},"type":"if","locations":[{"start":{"line":56,"column":4},"end":{"line":60,"column":5}},{"start":{"line":58,"column":11},"end":{"line":60,"column":5}}],"line":56},"4":{"loc":{"start":{"line":66,"column":25},"end":{"line":66,"column":60}},"type":"cond-expr","locations":[{"start":{"line":66,"column":37},"end":{"line":66,"column":48}},{"start":{"line":66,"column":51},"end":{"line":66,"column":60}}],"line":66},"5":{"loc":{"start":{"line":80,"column":8},"end":{"line":82,"column":9}},"type":"if","locations":[{"start":{"line":80,"column":8},"end":{"line":82,"column":9}},{"start":{},"end":{}}],"line":80},"6":{"loc":{"start":{"line":83,"column":8},"end":{"line":85,"column":9}},"type":"if","locations":[{"start":{"line":83,"column":8},"end":{"line":85,"column":9}},{"start":{},"end":{}}],"line":83}},"s":{"0":1,"1":3,"2":3,"3":2,"4":2,"5":2,"6":3,"7":3,"8":1,"9":3,"10":2,"11":1,"12":3,"13":0,"14":0,"15":0,"16":3,"17":0,"18":0,"19":0,"20":0,"21":0,"22":0,"23":0,"24":0,"25":0},"f":{"0":3,"1":0,"2":0,"3":0,"4":0,"5":0,"6":0,"7":0},"b":{"0":[2,0],"1":[1,2],"2":[1,1],"3":[0,0],"4":[1,2],"5":[0,0],"6":[0,0]},"_coverageSchema":"1a1c01bbd47fc00a2c39e90264f33305004495a9","hash":"c657c9fe265a696610330b10d1553215dc96edbe"}
,"/Users/wallacewong/Documents/Project/shopper/RN/temp2/components/Spinner.tsx": {"path":"/Users/wallacewong/Documents/Project/shopper/RN/temp2/components/Spinner.tsx","statementMap":{"0":{"start":{"line":4,"column":16},"end":{"line":18,"column":1}},"1":{"start":{"line":5,"column":19},"end":{"line":5,"column":36}},"2":{"start":{"line":6,"column":2},"end":{"line":6,"column":71}},"3":{"start":{"line":7,"column":24},"end":{"line":11,"column":4}},"4":{"start":{"line":8,"column":4},"end":{"line":10,"column":6}},"5":{"start":{"line":13,"column":2},"end":{"line":17,"column":3}}},"fnMap":{"0":{"name":"(anonymous_0)","decl":{"start":{"line":4,"column":16},"end":{"line":4,"column":17}},"loc":{"start":{"line":4,"column":86},"end":{"line":18,"column":1}},"line":4},"1":{"name":"(anonymous_1)","decl":{"start":{"line":7,"column":41},"end":{"line":7,"column":42}},"loc":{"start":{"line":7,"column":47},"end":{"line":11,"column":3}},"line":7}},"branchMap":{"0":{"loc":{"start":{"line":4,"column":19},"end":{"line":4,"column":28}},"type":"default-arg","locations":[{"start":{"line":4,"column":26},"end":{"line":4,"column":28}}],"line":4},"1":{"loc":{"start":{"line":4,"column":30},"end":{"line":4,"column":44}},"type":"default-arg","locations":[{"start":{"line":4,"column":38},"end":{"line":4,"column":44}}],"line":4}},"s":{"0":1,"1":3,"2":3,"3":3,"4":0,"5":3},"f":{"0":3,"1":0},"b":{"0":[2],"1":[2]},"_coverageSchema":"1a1c01bbd47fc00a2c39e90264f33305004495a9","hash":"58f80f362cde0c6bc8d11c49b8a7e3a069325c6f"}
}
