TN:
SF:api/cartItem.ts
FN:16,(anonymous_0)
FN:27,(anonymous_1)
FN:33,(anonymous_2)
FN:42,(anonymous_3)
FN:48,(anonymous_4)
FN:64,(anonymous_5)
FN:69,(anonymous_6)
FN:84,(anonymous_7)
FN:101,(anonymous_8)
FN:108,(anonymous_9)
FN:126,(anonymous_10)
FN:132,(anonymous_11)
FN:146,(anonymous_12)
FN:157,(anonymous_13)
FN:168,(anonymous_14)
FN:174,(anonymous_15)
FN:200,(anonymous_16)
FN:203,(anonymous_17)
FNF:18
FNH:3
FNDA:1,(anonymous_0)
FNDA:1,(anonymous_1)
FNDA:0,(anonymous_2)
FNDA:0,(anonymous_3)
FNDA:0,(anonymous_4)
FNDA:0,(anonymous_5)
FNDA:1,(anonymous_6)
FNDA:0,(anonymous_7)
FNDA:0,(anonymous_8)
FNDA:0,(anonymous_9)
FNDA:0,(anonymous_10)
FNDA:0,(anonymous_11)
FNDA:0,(anonymous_12)
FNDA:0,(anonymous_13)
FNDA:0,(anonymous_14)
FNDA:0,(anonymous_15)
FNDA:0,(anonymous_16)
FNDA:0,(anonymous_17)
DA:13,0
DA:14,0
DA:16,1
DA:17,1
DA:27,1
DA:28,1
DA:30,1
DA:33,1
DA:34,0
DA:42,0
DA:43,0
DA:45,0
DA:48,1
DA:53,0
DA:64,0
DA:65,0
DA:69,1
DA:70,1
DA:81,1
DA:84,1
DA:89,0
DA:101,0
DA:102,0
DA:105,0
DA:108,1
DA:113,0
DA:126,0
DA:127,0
DA:129,0
DA:132,1
DA:133,0
DA:143,0
DA:146,1
DA:147,0
DA:154,0
DA:157,1
DA:158,0
DA:168,0
DA:169,0
DA:171,0
DA:174,1
DA:183,0
DA:199,0
DA:201,0
DA:204,0
LF:45
LH:16
BRF:0
BRH:0
end_of_record
TN:
SF:api/order.ts
FN:7,(anonymous_0)
FN:20,(anonymous_1)
FN:26,(anonymous_2)
FN:34,(anonymous_3)
FNF:4
FNH:2
FNDA:1,(anonymous_0)
FNDA:1,(anonymous_1)
FNDA:0,(anonymous_2)
FNDA:0,(anonymous_3)
DA:4,0
DA:5,0
DA:7,1
DA:8,1
DA:20,1
DA:21,1
DA:23,1
DA:26,1
DA:27,0
DA:34,0
DA:35,0
DA:37,0
LF:12
LH:6
BRF:0
BRH:0
end_of_record
TN:
SF:api/product.ts
FN:20,(anonymous_0)
FN:30,(anonymous_1)
FN:33,(anonymous_2)
FN:39,(anonymous_3)
FN:65,(anonymous_4)
FN:68,(anonymous_5)
FN:74,(anonymous_6)
FN:80,(anonymous_7)
FN:86,(anonymous_8)
FN:96,(anonymous_9)
FN:102,(anonymous_10)
FN:119,(anonymous_11)
FN:125,(anonymous_12)
FN:144,(anonymous_13)
FN:150,(anonymous_14)
FN:168,(anonymous_15)
FN:175,(anonymous_16)
FN:186,(anonymous_17)
FN:192,(anonymous_18)
FN:200,(anonymous_19)
FN:206,(anonymous_20)
FN:235,(anonymous_21)
FN:238,(anonymous_22)
FN:243,(anonymous_23)
FN:259,(anonymous_24)
FN:262,(anonymous_25)
FN:268,(anonymous_26)
FN:278,(anonymous_27)
FN:281,(anonymous_28)
FN:287,(anonymous_29)
FN:296,(anonymous_30)
FNF:31
FNH:6
FNDA:0,(anonymous_0)
FNDA:0,(anonymous_1)
FNDA:0,(anonymous_2)
FNDA:1,(anonymous_3)
FNDA:1,(anonymous_4)
FNDA:0,(anonymous_5)
FNDA:1,(anonymous_6)
FNDA:1,(anonymous_7)
FNDA:1,(anonymous_8)
FNDA:1,(anonymous_9)
FNDA:0,(anonymous_10)
FNDA:0,(anonymous_11)
FNDA:0,(anonymous_12)
FNDA:0,(anonymous_13)
FNDA:0,(anonymous_14)
FNDA:0,(anonymous_15)
FNDA:0,(anonymous_16)
FNDA:0,(anonymous_17)
FNDA:0,(anonymous_18)
FNDA:0,(anonymous_19)
FNDA:0,(anonymous_20)
FNDA:0,(anonymous_21)
FNDA:0,(anonymous_22)
FNDA:0,(anonymous_23)
FNDA:0,(anonymous_24)
FNDA:0,(anonymous_25)
FNDA:0,(anonymous_26)
FNDA:0,(anonymous_27)
FNDA:0,(anonymous_28)
FNDA:0,(anonymous_29)
FNDA:0,(anonymous_30)
DA:17,0
DA:18,0
DA:20,1
DA:21,0
DA:29,0
DA:31,0
DA:34,0
DA:36,0
DA:39,1
DA:48,1
DA:64,1
DA:66,1
DA:69,0
DA:72,1
DA:74,1
DA:75,1
DA:80,1
DA:81,1
DA:83,1
DA:86,1
DA:87,1
DA:96,1
DA:97,1
DA:99,1
DA:102,1
DA:108,0
DA:119,0
DA:120,0
DA:122,0
DA:125,1
DA:132,0
DA:144,0
DA:145,0
DA:147,0
DA:150,1
DA:156,0
DA:167,0
DA:169,0
DA:172,0
DA:175,1
DA:176,0
DA:186,0
DA:187,0
DA:189,0
DA:192,1
DA:193,0
DA:200,0
DA:201,0
DA:203,0
DA:206,1
DA:217,0
DA:234,0
DA:236,0
DA:239,0
DA:243,1
DA:248,0
DA:258,0
DA:260,0
DA:263,0
DA:265,0
DA:268,1
DA:269,0
DA:277,0
DA:279,0
DA:282,0
DA:284,0
DA:287,1
DA:288,0
DA:296,0
DA:297,0
DA:299,0
LF:71
LH:25
BRF:0
BRH:0
end_of_record
TN:
SF:components/ActionSheet.tsx
FN:4,(anonymous_0)
FNF:1
FNH:1
FNDA:2,(anonymous_0)
DA:4,1
DA:21,2
LF:2
LH:2
BRDA:5,0,0,1
BRDA:6,1,0,0
BRDA:9,2,0,1
BRDA:41,3,0,0
BRDA:41,3,1,2
BRF:5
BRH:3
end_of_record
TN:
SF:components/AddressForm.tsx
FN:5,(anonymous_0)
FN:21,(anonymous_1)
FN:29,(anonymous_2)
FN:37,(anonymous_3)
FNF:4
FNH:1
FNDA:2,(anonymous_0)
FNDA:0,(anonymous_1)
FNDA:0,(anonymous_2)
FNDA:0,(anonymous_3)
DA:5,1
DA:12,2
DA:13,2
DA:21,0
DA:29,0
DA:37,0
LF:6
LH:3
BRF:0
BRH:0
end_of_record
TN:
SF:components/BannerCarousel.tsx
FN:15,(anonymous_0)
FN:35,(anonymous_1)
FN:42,(anonymous_2)
FN:73,(anonymous_3)
FN:76,(anonymous_4)
FN:99,(anonymous_5)
FN:102,(anonymous_6)
FN:105,(anonymous_7)
FNF:8
FNH:2
FNDA:0,(anonymous_0)
FNDA:0,(anonymous_1)
FNDA:0,(anonymous_2)
FNDA:2,(anonymous_3)
FNDA:0,(anonymous_4)
FNDA:0,(anonymous_5)
FNDA:0,(anonymous_6)
FNDA:2,(anonymous_7)
DA:13,1
DA:15,1
DA:16,0
DA:18,0
DA:20,0
DA:31,0
DA:35,1
DA:42,0
DA:43,0
DA:49,0
DA:54,0
DA:73,1
DA:74,2
DA:76,2
DA:79,0
DA:80,0
DA:82,0
DA:88,2
DA:100,0
DA:102,0
DA:106,2
LF:21
LH:8
BRDA:16,0,0,0
BRDA:16,0,1,0
BRDA:16,0,2,0
BRDA:94,1,0,1
BRDA:94,1,1,1
BRF:5
BRH:2
end_of_record
TN:
SF:components/ContactForm.tsx
FN:7,(anonymous_0)
FNF:1
FNH:1
FNDA:4,(anonymous_0)
DA:7,1
DA:34,4
DA:35,4
LF:3
LH:3
BRDA:47,0,0,1
BRDA:47,0,1,3
BRDA:63,1,0,4
BRDA:63,1,1,4
BRDA:66,2,0,1
BRDA:66,2,1,3
BRDA:68,3,0,3
BRDA:68,3,1,0
BRDA:68,4,0,3
BRDA:68,4,1,0
BRDA:72,5,0,1
BRDA:72,5,1,2
BRDA:77,6,0,1
BRDA:77,6,1,3
BRDA:86,7,0,3
BRDA:86,7,1,3
BRDA:89,8,0,0
BRDA:89,8,1,3
BRDA:91,9,0,3
BRDA:91,9,1,0
BRF:20
BRH:16
end_of_record
TN:
SF:components/CouponCard.tsx
FN:6,(anonymous_0)
FNF:1
FNH:1
FNDA:3,(anonymous_0)
DA:6,1
DA:17,3
DA:19,3
LF:3
LH:3
BRF:0
BRH:0
end_of_record
TN:
SF:components/Dialog.tsx
FN:4,(anonymous_0)
FNF:1
FNH:1
FNDA:2,(anonymous_0)
DA:4,1
DA:5,2
LF:2
LH:2
BRDA:4,0,0,0
BRF:1
BRH:0
end_of_record
TN:
SF:components/ImageCard.tsx
FN:4,(anonymous_0)
FN:7,(anonymous_1)
FNF:2
FNH:1
FNDA:1,(anonymous_0)
FNDA:0,(anonymous_1)
DA:4,1
DA:5,1
DA:7,0
LF:3
LH:2
BRF:0
BRH:0
end_of_record
TN:
SF:components/ImageGallery.tsx
FN:14,(anonymous_0)
FN:29,(anonymous_1)
FN:34,(anonymous_2)
FN:38,(anonymous_3)
FN:57,(anonymous_4)
FN:67,(anonymous_5)
FNF:6
FNH:2
FNDA:0,(anonymous_0)
FNDA:2,(anonymous_1)
FNDA:2,(anonymous_2)
FNDA:0,(anonymous_3)
FNDA:0,(anonymous_4)
FNDA:0,(anonymous_5)
DA:6,1
DA:14,0
DA:29,1
DA:30,2
DA:31,2
DA:34,1
DA:35,2
DA:37,2
DA:38,2
DA:39,0
DA:42,2
DA:57,0
DA:67,0
LF:13
LH:9
BRDA:16,0,0,0
BRDA:16,0,1,0
BRDA:21,1,0,0
BRDA:21,1,1,0
BRF:4
BRH:0
end_of_record
TN:
SF:components/Loader.tsx
FN:4,(anonymous_0)
FNF:1
FNH:1
FNDA:2,(anonymous_0)
DA:4,1
DA:5,2
DA:7,2
LF:3
LH:3
BRDA:12,0,0,1
BRDA:12,0,1,1
BRF:2
BRH:2
end_of_record
TN:
SF:components/ProductCard.tsx
FN:5,(anonymous_0)
FNF:1
FNH:1
FNDA:2,(anonymous_0)
DA:5,1
DA:18,2
DA:20,2
LF:3
LH:3
BRF:0
BRH:0
end_of_record
TN:
SF:components/ReservationCalendar.tsx
FN:8,(anonymous_0)
FN:55,(anonymous_1)
FN:69,(anonymous_2)
FN:71,(anonymous_3)
FN:75,(anonymous_4)
FN:79,(anonymous_5)
FN:99,(anonymous_6)
FN:101,(anonymous_7)
FNF:8
FNH:1
FNDA:3,(anonymous_0)
FNDA:0,(anonymous_1)
FNDA:0,(anonymous_2)
FNDA:0,(anonymous_3)
FNDA:0,(anonymous_4)
FNDA:0,(anonymous_5)
FNDA:0,(anonymous_6)
FNDA:0,(anonymous_7)
DA:8,1
DA:19,3
DA:20,3
DA:21,2
DA:22,2
DA:23,2
DA:26,3
DA:27,3
DA:28,1
DA:40,3
DA:41,2
DA:42,1
DA:55,3
DA:56,0
DA:57,0
DA:59,0
DA:64,3
DA:69,0
DA:71,0
DA:75,0
DA:80,0
DA:81,0
DA:83,0
DA:84,0
DA:99,0
DA:101,0
LF:26
LH:14
BRDA:22,0,0,2
BRDA:22,0,1,0
BRDA:27,1,0,1
BRDA:27,1,1,2
BRDA:41,2,0,1
BRDA:41,2,1,1
BRDA:56,3,0,0
BRDA:56,3,1,0
BRDA:66,4,0,1
BRDA:66,4,1,2
BRDA:80,5,0,0
BRDA:80,5,1,0
BRDA:83,6,0,0
BRDA:83,6,1,0
BRF:14
BRH:7
end_of_record
TN:
SF:components/Spinner.tsx
FN:4,(anonymous_0)
FN:7,(anonymous_1)
FNF:2
FNH:1
FNDA:3,(anonymous_0)
FNDA:0,(anonymous_1)
DA:4,1
DA:5,3
DA:6,3
DA:7,3
DA:8,0
DA:13,3
LF:6
LH:5
BRDA:4,0,0,2
BRDA:4,1,0,2
BRF:2
BRH:2
end_of_record
